[0m16:38:36.963934 [debug] [MainThread]: Sending event: {'category': 'dbt', 'action': 'invocation', 'label': 'start', 'context': [<snowplow_tracker.self_describing_json.SelfDescribingJson object at 0x0000020CCD41A4D0>, <snowplow_tracker.self_describing_json.SelfDescribingJson object at 0x0000020CCD1F1610>, <snowplow_tracker.self_describing_json.SelfDescribingJson object at 0x0000020CCD4D7ED0>]}


============================== 16:38:36.984046 | 19b14248-00d1-400d-b810-ede697daf9a0 ==============================
[0m16:38:36.984046 [info ] [MainThread]: Running with dbt=1.7.1
[0m16:38:36.985014 [debug] [MainThread]: running dbt with arguments {'printer_width': '80', 'indirect_selection': 'eager', 'log_cache_events': 'False', 'write_json': 'True', 'partial_parse': 'True', 'cache_selected_only': 'False', 'profiles_dir': 'C:\\Users\\kirill.konovalov\\.dbt', 'version_check': 'True', 'debug': 'False', 'log_path': 'logs', 'fail_fast': 'False', 'warn_error': 'None', 'use_colors': 'True', 'use_experimental_parser': 'False', 'no_print': 'None', 'quiet': 'False', 'warn_error_options': 'WarnErrorOptions(include=[], exclude=[])', 'invocation_command': 'dbt init', 'introspect': 'True', 'log_format': 'default', 'target_path': 'None', 'static_parser': 'True', 'send_anonymous_usage_stats': 'True'}
[0m16:38:36.986017 [warn ] [MainThread]: [ConfigFolderDirectory]: Unable to parse dict {'dir': WindowsPath('C:/Users/kirill.konovalov/.dbt')}
[0m16:38:36.986017 [info ] [MainThread]: Creating dbt configuration folder at 
[0m16:39:12.385445 [debug] [MainThread]: Starter project path: C:\Users\kirill.konovalov\OneDrive - SEEK\Documents\Personal\DE\dbt\dbt_core\Lib\site-packages\dbt\include\starter_project
[0m16:39:12.439447 [info ] [MainThread]: 
Your new dbt project "dbt_demo_project" was created!

For more information on how to configure the profiles.yml file,
please consult the dbt documentation here:

  https://docs.getdbt.com/docs/configure-your-profile

One more thing:

Need help? Don't hesitate to reach out to us via GitHub issues or on Slack:

  https://community.getdbt.com/

Happy modeling!

[0m16:39:12.441446 [info ] [MainThread]: Setting up your profile.
[0m16:58:23.214560 [info ] [MainThread]: Profile dbt_demo_project written to C:\Users\kirill.konovalov\.dbt\profiles.yml using target's profile_template.yml and your supplied values. Run 'dbt debug' to validate the connection.
[0m16:58:23.216558 [debug] [MainThread]: Command `dbt init` succeeded at 16:58:23.216558 after 1186.33 seconds
[0m16:58:23.217546 [debug] [MainThread]: Sending event: {'category': 'dbt', 'action': 'invocation', 'label': 'end', 'context': [<snowplow_tracker.self_describing_json.SelfDescribingJson object at 0x0000020CC635C3D0>, <snowplow_tracker.self_describing_json.SelfDescribingJson object at 0x0000020CCDA08690>, <snowplow_tracker.self_describing_json.SelfDescribingJson object at 0x0000020CC66D0B90>]}
[0m16:58:23.218543 [debug] [MainThread]: Flushing usage events
