[0m06:38:08.101477 [debug] [MainThread]: Sending event: {'category': 'dbt', 'action': 'invocation', 'label': 'start', 'context': [<snowplow_tracker.self_describing_json.SelfDescribingJson object at 0x0000019851801D90>, <snowplow_tracker.self_describing_json.SelfDescribingJson object at 0x0000019851386390>, <snowplow_tracker.self_describing_json.SelfDescribingJson object at 0x00000198513E5950>]}


============================== 06:38:08.123494 | 13f6de54-2b98-41d8-bfed-21b96e5d3f79 ==============================
[0m06:38:08.123494 [info ] [MainThread]: Running with dbt=1.7.1
[0m06:38:08.124493 [debug] [MainThread]: running dbt with arguments {'printer_width': '80', 'indirect_selection': 'eager', 'write_json': 'True', 'log_cache_events': 'False', 'partial_parse': 'True', 'cache_selected_only': 'False', 'profiles_dir': 'C:\\Users\\kirill.konovalov\\.dbt', 'fail_fast': 'False', 'debug': 'False', 'log_path': 'logs', 'version_check': 'True', 'warn_error': 'None', 'use_colors': 'True', 'use_experimental_parser': 'False', 'no_print': 'None', 'quiet': 'False', 'log_format': 'default', 'invocation_command': 'dbt debug', 'introspect': 'True', 'warn_error_options': 'WarnErrorOptions(include=[], exclude=[])', 'target_path': 'None', 'static_parser': 'True', 'send_anonymous_usage_stats': 'True'}
[0m06:38:08.125492 [info ] [MainThread]: dbt version: 1.7.1
[0m06:38:08.126996 [info ] [MainThread]: python version: 3.11.6
[0m06:38:08.128002 [info ] [MainThread]: python path: C:\Users\kirill.konovalov\OneDrive - SEEK\Documents\Personal\DE\dbt\dbt_core\Scripts\python.exe
[0m06:38:08.128002 [info ] [MainThread]: os info: Windows-10-10.0.22621-SP0
[0m06:38:10.933120 [info ] [MainThread]: Using profiles dir at C:\Users\kirill.konovalov\.dbt
[0m06:38:10.934068 [info ] [MainThread]: Using profiles.yml file at C:\Users\kirill.konovalov\.dbt\profiles.yml
[0m06:38:10.935070 [info ] [MainThread]: Using dbt_project.yml file at C:\Users\kirill.konovalov\OneDrive - SEEK\Documents\Personal\DE\dbt\dbt_project.yml
[0m06:38:10.958072 [info ] [MainThread]: adapter type: snowflake
[0m06:38:10.959072 [info ] [MainThread]: adapter version: 1.7.0
[0m06:38:10.960070 [info ] [MainThread]: Configuration:
[0m06:38:10.961109 [info ] [MainThread]:   profiles.yml file [[32mOK found and valid[0m]
[0m06:38:10.961109 [info ] [MainThread]:   dbt_project.yml file [[31mERROR not found[0m]
[0m06:38:10.963078 [info ] [MainThread]: Required dependencies:
[0m06:38:10.964072 [debug] [MainThread]: Executing "git --help"
[0m06:38:11.057355 [debug] [MainThread]: STDOUT: "b"usage: git [-v | --version] [-h | --help] [-C <path>] [-c <name>=<value>]\n           [--exec-path[=<path>]] [--html-path] [--man-path] [--info-path]\n           [-p | --paginate | -P | --no-pager] [--no-replace-objects] [--bare]\n           [--git-dir=<path>] [--work-tree=<path>] [--namespace=<name>]\n           [--config-env=<name>=<envvar>] <command> [<args>]\n\nThese are common Git commands used in various situations:\n\nstart a working area (see also: git help tutorial)\n   clone     Clone a repository into a new directory\n   init      Create an empty Git repository or reinitialize an existing one\n\nwork on the current change (see also: git help everyday)\n   add       Add file contents to the index\n   mv        Move or rename a file, a directory, or a symlink\n   restore   Restore working tree files\n   rm        Remove files from the working tree and from the index\n\nexamine the history and state (see also: git help revisions)\n   bisect    Use binary search to find the commit that introduced a bug\n   diff      Show changes between commits, commit and working tree, etc\n   grep      Print lines matching a pattern\n   log       Show commit logs\n   show      Show various types of objects\n   status    Show the working tree status\n\ngrow, mark and tweak your common history\n   branch    List, create, or delete branches\n   commit    Record changes to the repository\n   merge     Join two or more development histories together\n   rebase    Reapply commits on top of another base tip\n   reset     Reset current HEAD to the specified state\n   switch    Switch branches\n   tag       Create, list, delete or verify a tag object signed with GPG\n\ncollaborate (see also: git help workflows)\n   fetch     Download objects and refs from another repository\n   pull      Fetch from and integrate with another repository or a local branch\n   push      Update remote refs along with associated objects\n\n'git help -a' and 'git help -g' list available subcommands and some\nconcept guides. See 'git help <command>' or 'git help <concept>'\nto read about a specific subcommand or concept.\nSee 'git help git' for an overview of the system.\n""
[0m06:38:11.058453 [debug] [MainThread]: STDERR: "b''"
[0m06:38:11.058453 [info ] [MainThread]:  - git [[32mOK found[0m]

[0m06:38:11.059363 [info ] [MainThread]: Connection:
[0m06:38:11.060406 [info ] [MainThread]:   account: vbgvzep-op34927
[0m06:38:11.061358 [info ] [MainThread]:   user: kkonovalov
[0m06:38:11.062361 [info ] [MainThread]:   database: dbt_hol_dev
[0m06:38:11.062361 [info ] [MainThread]:   warehouse: dbt_dev_wh
[0m06:38:11.063380 [info ] [MainThread]:   role: dbt_dev_role
[0m06:38:11.064356 [info ] [MainThread]:   schema: public
[0m06:38:11.064356 [info ] [MainThread]:   authenticator: None
[0m06:38:11.065359 [info ] [MainThread]:   private_key_path: None
[0m06:38:11.066356 [info ] [MainThread]:   token: None
[0m06:38:11.067356 [info ] [MainThread]:   oauth_client_id: None
[0m06:38:11.067356 [info ] [MainThread]:   query_tag: None
[0m06:38:11.068360 [info ] [MainThread]:   client_session_keep_alive: False
[0m06:38:11.069356 [info ] [MainThread]:   host: None
[0m06:38:11.069356 [info ] [MainThread]:   port: None
[0m06:38:11.070360 [info ] [MainThread]:   proxy_host: None
[0m06:38:11.071431 [info ] [MainThread]:   proxy_port: None
[0m06:38:11.072437 [info ] [MainThread]:   protocol: None
[0m06:38:11.073439 [info ] [MainThread]:   connect_retries: 1
[0m06:38:11.073439 [info ] [MainThread]:   connect_timeout: None
[0m06:38:11.074439 [info ] [MainThread]:   retry_on_database_errors: False
[0m06:38:11.075438 [info ] [MainThread]:   retry_all: False
[0m06:38:11.076438 [info ] [MainThread]:   insecure_mode: False
[0m06:38:11.077437 [info ] [MainThread]:   reuse_connections: None
[0m06:38:11.078445 [info ] [MainThread]: Registered adapter: snowflake=1.7.0
[0m06:38:11.080438 [debug] [MainThread]: Acquiring new snowflake connection 'debug'
[0m06:38:11.081518 [debug] [MainThread]: Using snowflake connection "debug"
[0m06:38:11.081518 [debug] [MainThread]: On debug: select 1 as id
[0m06:38:11.082523 [debug] [MainThread]: Opening a new connection, currently in state init
[0m06:38:12.874568 [debug] [MainThread]: Snowflake adapter: Error running SQL: select 1 as id
[0m06:38:12.874568 [debug] [MainThread]: Snowflake adapter: Rolling back transaction.
[0m06:38:12.875568 [debug] [MainThread]: On debug: No close available on handle
[0m06:38:12.875568 [info ] [MainThread]:   Connection test: [[31mERROR[0m]

[0m06:38:12.877571 [info ] [MainThread]: [31m2 checks failed:[0m
[0m06:38:12.877571 [info ] [MainThread]: Project loading failed for the following reason:
 project path <C:\Users\kirill.konovalov\OneDrive - SEEK\Documents\Personal\DE\dbt\dbt_project.yml> not found

[0m06:38:12.878567 [info ] [MainThread]: dbt was unable to connect to the specified database.
The database returned the following error:

  >Database Error
  250001 (08001): Failed to connect to DB: vbgvzep-op34927.snowflakecomputing.com:443. Role 'DBT_DEV_ROLE' specified in the connect string is not granted to this user. Contact your local system administrator, or attempt to login with another role, e.g. PUBLIC.

Check your database credentials and try again. For more information, visit:
https://docs.getdbt.com/docs/configure-your-profile


[0m06:38:12.881565 [debug] [MainThread]: Command `dbt debug` failed at 06:38:12.880566 after 4.91 seconds
[0m06:38:12.881565 [debug] [MainThread]: Connection 'debug' was properly closed.
[0m06:38:12.881565 [debug] [MainThread]: Sending event: {'category': 'dbt', 'action': 'invocation', 'label': 'end', 'context': [<snowplow_tracker.self_describing_json.SelfDescribingJson object at 0x00000198517E1A90>, <snowplow_tracker.self_describing_json.SelfDescribingJson object at 0x000001985103B110>, <snowplow_tracker.self_describing_json.SelfDescribingJson object at 0x000001985103AC90>]}
[0m06:38:12.882567 [debug] [MainThread]: Flushing usage events
[0m06:43:37.527643 [debug] [MainThread]: Sending event: {'category': 'dbt', 'action': 'invocation', 'label': 'start', 'context': [<snowplow_tracker.self_describing_json.SelfDescribingJson object at 0x00000228B75E25D0>, <snowplow_tracker.self_describing_json.SelfDescribingJson object at 0x00000228B6E2F290>, <snowplow_tracker.self_describing_json.SelfDescribingJson object at 0x00000228B6E657D0>]}


============================== 06:43:37.533166 | 88e107d4-047f-4a3a-be38-b73e2c91f1d1 ==============================
[0m06:43:37.533166 [info ] [MainThread]: Running with dbt=1.7.1
[0m06:43:37.534164 [debug] [MainThread]: running dbt with arguments {'printer_width': '80', 'indirect_selection': 'eager', 'write_json': 'True', 'log_cache_events': 'False', 'partial_parse': 'True', 'cache_selected_only': 'False', 'warn_error': 'None', 'fail_fast': 'False', 'profiles_dir': 'C:\\Users\\kirill.konovalov\\.dbt', 'log_path': 'logs', 'version_check': 'True', 'debug': 'False', 'use_colors': 'True', 'use_experimental_parser': 'False', 'no_print': 'None', 'quiet': 'False', 'log_format': 'default', 'introspect': 'True', 'static_parser': 'True', 'warn_error_options': 'WarnErrorOptions(include=[], exclude=[])', 'target_path': 'None', 'invocation_command': 'dbt debug', 'send_anonymous_usage_stats': 'True'}
[0m06:43:37.535161 [info ] [MainThread]: dbt version: 1.7.1
[0m06:43:37.536161 [info ] [MainThread]: python version: 3.11.6
[0m06:43:37.537160 [info ] [MainThread]: python path: C:\Users\kirill.konovalov\OneDrive - SEEK\Documents\Personal\DE\dbt\dbt_core\Scripts\python.exe
[0m06:43:37.538191 [info ] [MainThread]: os info: Windows-10-10.0.22621-SP0
[0m06:43:38.169442 [info ] [MainThread]: Using profiles dir at C:\Users\kirill.konovalov\.dbt
[0m06:43:38.171490 [info ] [MainThread]: Using profiles.yml file at C:\Users\kirill.konovalov\.dbt\profiles.yml
[0m06:43:38.172448 [info ] [MainThread]: Using dbt_project.yml file at C:\Users\kirill.konovalov\OneDrive - SEEK\Documents\Personal\DE\dbt\dbt_project.yml
[0m06:43:38.174454 [info ] [MainThread]: adapter type: snowflake
[0m06:43:38.176456 [info ] [MainThread]: adapter version: 1.7.0
[0m06:43:38.177448 [info ] [MainThread]: Configuration:
[0m06:43:38.178449 [info ] [MainThread]:   profiles.yml file [[32mOK found and valid[0m]
[0m06:43:38.179449 [info ] [MainThread]:   dbt_project.yml file [[31mERROR not found[0m]
[0m06:43:38.181455 [info ] [MainThread]: Required dependencies:
[0m06:43:38.182451 [debug] [MainThread]: Executing "git --help"
[0m06:43:38.281221 [debug] [MainThread]: STDOUT: "b"usage: git [-v | --version] [-h | --help] [-C <path>] [-c <name>=<value>]\n           [--exec-path[=<path>]] [--html-path] [--man-path] [--info-path]\n           [-p | --paginate | -P | --no-pager] [--no-replace-objects] [--bare]\n           [--git-dir=<path>] [--work-tree=<path>] [--namespace=<name>]\n           [--config-env=<name>=<envvar>] <command> [<args>]\n\nThese are common Git commands used in various situations:\n\nstart a working area (see also: git help tutorial)\n   clone     Clone a repository into a new directory\n   init      Create an empty Git repository or reinitialize an existing one\n\nwork on the current change (see also: git help everyday)\n   add       Add file contents to the index\n   mv        Move or rename a file, a directory, or a symlink\n   restore   Restore working tree files\n   rm        Remove files from the working tree and from the index\n\nexamine the history and state (see also: git help revisions)\n   bisect    Use binary search to find the commit that introduced a bug\n   diff      Show changes between commits, commit and working tree, etc\n   grep      Print lines matching a pattern\n   log       Show commit logs\n   show      Show various types of objects\n   status    Show the working tree status\n\ngrow, mark and tweak your common history\n   branch    List, create, or delete branches\n   commit    Record changes to the repository\n   merge     Join two or more development histories together\n   rebase    Reapply commits on top of another base tip\n   reset     Reset current HEAD to the specified state\n   switch    Switch branches\n   tag       Create, list, delete or verify a tag object signed with GPG\n\ncollaborate (see also: git help workflows)\n   fetch     Download objects and refs from another repository\n   pull      Fetch from and integrate with another repository or a local branch\n   push      Update remote refs along with associated objects\n\n'git help -a' and 'git help -g' list available subcommands and some\nconcept guides. See 'git help <command>' or 'git help <concept>'\nto read about a specific subcommand or concept.\nSee 'git help git' for an overview of the system.\n""
[0m06:43:38.282314 [debug] [MainThread]: STDERR: "b''"
[0m06:43:38.282314 [info ] [MainThread]:  - git [[32mOK found[0m]

[0m06:43:38.283221 [info ] [MainThread]: Connection:
[0m06:43:38.284221 [info ] [MainThread]:   account: vbgvzep-op34927
[0m06:43:38.285221 [info ] [MainThread]:   user: kkonovalov
[0m06:43:38.286225 [info ] [MainThread]:   database: dbt_hol_dev
[0m06:43:38.286225 [info ] [MainThread]:   warehouse: dbt_dev_wh
[0m06:43:38.287222 [info ] [MainThread]:   role: dbt_dev_role
[0m06:43:38.288221 [info ] [MainThread]:   schema: public
[0m06:43:38.289224 [info ] [MainThread]:   authenticator: None
[0m06:43:38.290222 [info ] [MainThread]:   private_key_path: None
[0m06:43:38.291221 [info ] [MainThread]:   token: None
[0m06:43:38.292222 [info ] [MainThread]:   oauth_client_id: None
[0m06:43:38.292222 [info ] [MainThread]:   query_tag: None
[0m06:43:38.293223 [info ] [MainThread]:   client_session_keep_alive: False
[0m06:43:38.294223 [info ] [MainThread]:   host: None
[0m06:43:38.295315 [info ] [MainThread]:   port: None
[0m06:43:38.296284 [info ] [MainThread]:   proxy_host: None
[0m06:43:38.297223 [info ] [MainThread]:   proxy_port: None
[0m06:43:38.298262 [info ] [MainThread]:   protocol: None
[0m06:43:38.298262 [info ] [MainThread]:   connect_retries: 1
[0m06:43:38.300273 [info ] [MainThread]:   connect_timeout: None
[0m06:43:38.301270 [info ] [MainThread]:   retry_on_database_errors: False
[0m06:43:38.302268 [info ] [MainThread]:   retry_all: False
[0m06:43:38.303271 [info ] [MainThread]:   insecure_mode: False
[0m06:43:38.303271 [info ] [MainThread]:   reuse_connections: None
[0m06:43:38.304268 [info ] [MainThread]: Registered adapter: snowflake=1.7.0
[0m06:43:38.305270 [debug] [MainThread]: Acquiring new snowflake connection 'debug'
[0m06:43:38.307269 [debug] [MainThread]: Using snowflake connection "debug"
[0m06:43:38.307269 [debug] [MainThread]: On debug: select 1 as id
[0m06:43:38.308268 [debug] [MainThread]: Opening a new connection, currently in state init
[0m06:43:39.220018 [debug] [MainThread]: Snowflake adapter: Error running SQL: select 1 as id
[0m06:43:39.221018 [debug] [MainThread]: Snowflake adapter: Rolling back transaction.
[0m06:43:39.221018 [debug] [MainThread]: On debug: No close available on handle
[0m06:43:39.221018 [info ] [MainThread]:   Connection test: [[31mERROR[0m]

[0m06:43:39.222019 [info ] [MainThread]: [31m2 checks failed:[0m
[0m06:43:39.223068 [info ] [MainThread]: Project loading failed for the following reason:
 project path <C:\Users\kirill.konovalov\OneDrive - SEEK\Documents\Personal\DE\dbt\dbt_project.yml> not found

[0m06:43:39.224020 [info ] [MainThread]: dbt was unable to connect to the specified database.
The database returned the following error:

  >Database Error
  250001 (08001): Failed to connect to DB: vbgvzep-op34927.snowflakecomputing.com:443. Role 'DBT_DEV_ROLE' specified in the connect string is not granted to this user. Contact your local system administrator, or attempt to login with another role, e.g. PUBLIC.

Check your database credentials and try again. For more information, visit:
https://docs.getdbt.com/docs/configure-your-profile


[0m06:43:39.227069 [debug] [MainThread]: Command `dbt debug` failed at 06:43:39.227069 after 1.83 seconds
[0m06:43:39.227069 [debug] [MainThread]: Connection 'debug' was properly closed.
[0m06:43:39.228070 [debug] [MainThread]: Sending event: {'category': 'dbt', 'action': 'invocation', 'label': 'end', 'context': [<snowplow_tracker.self_describing_json.SelfDescribingJson object at 0x00000228B7184150>, <snowplow_tracker.self_describing_json.SelfDescribingJson object at 0x00000228B70F9F50>, <snowplow_tracker.self_describing_json.SelfDescribingJson object at 0x00000228B70FB850>]}
[0m06:43:39.228070 [debug] [MainThread]: Flushing usage events
[0m06:46:20.160341 [debug] [MainThread]: Sending event: {'category': 'dbt', 'action': 'invocation', 'label': 'start', 'context': [<snowplow_tracker.self_describing_json.SelfDescribingJson object at 0x0000021833382410>, <snowplow_tracker.self_describing_json.SelfDescribingJson object at 0x000002183399B710>, <snowplow_tracker.self_describing_json.SelfDescribingJson object at 0x000002182C730210>]}


============================== 06:46:20.165360 | 2713cc93-9b0b-463a-9f07-b9934bfc8ca3 ==============================
[0m06:46:20.165360 [info ] [MainThread]: Running with dbt=1.7.1
[0m06:46:20.167395 [debug] [MainThread]: running dbt with arguments {'printer_width': '80', 'indirect_selection': 'eager', 'write_json': 'True', 'log_cache_events': 'False', 'partial_parse': 'True', 'cache_selected_only': 'False', 'profiles_dir': 'C:\\Users\\kirill.konovalov\\.dbt', 'version_check': 'True', 'debug': 'False', 'log_path': 'logs', 'fail_fast': 'False', 'warn_error': 'None', 'use_colors': 'True', 'use_experimental_parser': 'False', 'no_print': 'None', 'quiet': 'False', 'log_format': 'default', 'static_parser': 'True', 'invocation_command': 'dbt debug --project-dir C:/Users/kirill.konovalov\\OneDrive - SEEK/Documents/Personal/DE/dbt/', 'warn_error_options': 'WarnErrorOptions(include=[], exclude=[])', 'target_path': 'None', 'introspect': 'True', 'send_anonymous_usage_stats': 'True'}
[0m06:46:20.168392 [info ] [MainThread]: dbt version: 1.7.1
[0m06:46:20.169390 [info ] [MainThread]: python version: 3.11.6
[0m06:46:20.170392 [info ] [MainThread]: python path: C:\Users\kirill.konovalov\OneDrive - SEEK\Documents\Personal\DE\dbt\dbt_core\Scripts\python.exe
[0m06:46:20.170392 [info ] [MainThread]: os info: Windows-10-10.0.22621-SP0
[0m06:46:20.655911 [info ] [MainThread]: Using profiles dir at C:\Users\kirill.konovalov\.dbt
[0m06:46:20.656837 [info ] [MainThread]: Using profiles.yml file at C:\Users\kirill.konovalov\.dbt\profiles.yml
[0m06:46:20.657839 [info ] [MainThread]: Using dbt_project.yml file at C:/Users/kirill.konovalov\OneDrive - SEEK/Documents/Personal/DE/dbt/dbt_project.yml
[0m06:46:20.661843 [info ] [MainThread]: adapter type: snowflake
[0m06:46:20.662861 [info ] [MainThread]: adapter version: 1.7.0
[0m06:46:20.664832 [info ] [MainThread]: Configuration:
[0m06:46:20.665832 [info ] [MainThread]:   profiles.yml file [[32mOK found and valid[0m]
[0m06:46:20.666833 [info ] [MainThread]:   dbt_project.yml file [[31mERROR not found[0m]
[0m06:46:20.667838 [info ] [MainThread]: Required dependencies:
[0m06:46:20.668843 [debug] [MainThread]: Executing "git --help"
[0m06:46:20.752230 [debug] [MainThread]: STDOUT: "b"usage: git [-v | --version] [-h | --help] [-C <path>] [-c <name>=<value>]\n           [--exec-path[=<path>]] [--html-path] [--man-path] [--info-path]\n           [-p | --paginate | -P | --no-pager] [--no-replace-objects] [--bare]\n           [--git-dir=<path>] [--work-tree=<path>] [--namespace=<name>]\n           [--config-env=<name>=<envvar>] <command> [<args>]\n\nThese are common Git commands used in various situations:\n\nstart a working area (see also: git help tutorial)\n   clone     Clone a repository into a new directory\n   init      Create an empty Git repository or reinitialize an existing one\n\nwork on the current change (see also: git help everyday)\n   add       Add file contents to the index\n   mv        Move or rename a file, a directory, or a symlink\n   restore   Restore working tree files\n   rm        Remove files from the working tree and from the index\n\nexamine the history and state (see also: git help revisions)\n   bisect    Use binary search to find the commit that introduced a bug\n   diff      Show changes between commits, commit and working tree, etc\n   grep      Print lines matching a pattern\n   log       Show commit logs\n   show      Show various types of objects\n   status    Show the working tree status\n\ngrow, mark and tweak your common history\n   branch    List, create, or delete branches\n   commit    Record changes to the repository\n   merge     Join two or more development histories together\n   rebase    Reapply commits on top of another base tip\n   reset     Reset current HEAD to the specified state\n   switch    Switch branches\n   tag       Create, list, delete or verify a tag object signed with GPG\n\ncollaborate (see also: git help workflows)\n   fetch     Download objects and refs from another repository\n   pull      Fetch from and integrate with another repository or a local branch\n   push      Update remote refs along with associated objects\n\n'git help -a' and 'git help -g' list available subcommands and some\nconcept guides. See 'git help <command>' or 'git help <concept>'\nto read about a specific subcommand or concept.\nSee 'git help git' for an overview of the system.\n""
[0m06:46:20.753229 [debug] [MainThread]: STDERR: "b''"
[0m06:46:20.753229 [info ] [MainThread]:  - git [[32mOK found[0m]

[0m06:46:20.754229 [info ] [MainThread]: Connection:
[0m06:46:20.755232 [info ] [MainThread]:   account: vbgvzep-op34927
[0m06:46:20.756229 [info ] [MainThread]:   user: kkonovalov
[0m06:46:20.756229 [info ] [MainThread]:   database: dbt_hol_dev
[0m06:46:20.757229 [info ] [MainThread]:   warehouse: dbt_dev_wh
[0m06:46:20.758229 [info ] [MainThread]:   role: dbt_dev_role
[0m06:46:20.758961 [info ] [MainThread]:   schema: public
[0m06:46:20.759969 [info ] [MainThread]:   authenticator: None
[0m06:46:20.759969 [info ] [MainThread]:   private_key_path: None
[0m06:46:20.760970 [info ] [MainThread]:   token: None
[0m06:46:20.761967 [info ] [MainThread]:   oauth_client_id: None
[0m06:46:20.761967 [info ] [MainThread]:   query_tag: None
[0m06:46:20.762976 [info ] [MainThread]:   client_session_keep_alive: False
[0m06:46:20.763968 [info ] [MainThread]:   host: None
[0m06:46:20.763968 [info ] [MainThread]:   port: None
[0m06:46:20.764968 [info ] [MainThread]:   proxy_host: None
[0m06:46:20.764968 [info ] [MainThread]:   proxy_port: None
[0m06:46:20.765968 [info ] [MainThread]:   protocol: None
[0m06:46:20.766968 [info ] [MainThread]:   connect_retries: 1
[0m06:46:20.766968 [info ] [MainThread]:   connect_timeout: None
[0m06:46:20.767974 [info ] [MainThread]:   retry_on_database_errors: False
[0m06:46:20.768975 [info ] [MainThread]:   retry_all: False
[0m06:46:20.769974 [info ] [MainThread]:   insecure_mode: False
[0m06:46:20.770974 [info ] [MainThread]:   reuse_connections: None
[0m06:46:20.771976 [info ] [MainThread]: Registered adapter: snowflake=1.7.0
[0m06:46:20.771976 [debug] [MainThread]: Acquiring new snowflake connection 'debug'
[0m06:46:20.772974 [debug] [MainThread]: Using snowflake connection "debug"
[0m06:46:20.773976 [debug] [MainThread]: On debug: select 1 as id
[0m06:46:20.773976 [debug] [MainThread]: Opening a new connection, currently in state init
[0m06:46:21.774337 [debug] [MainThread]: Snowflake adapter: Error running SQL: select 1 as id
[0m06:46:21.774337 [debug] [MainThread]: Snowflake adapter: Rolling back transaction.
[0m06:46:21.775338 [debug] [MainThread]: On debug: No close available on handle
[0m06:46:21.775338 [info ] [MainThread]:   Connection test: [[31mERROR[0m]

[0m06:46:21.776335 [info ] [MainThread]: [31m2 checks failed:[0m
[0m06:46:21.777334 [info ] [MainThread]: Project loading failed for the following reason:
 project path <C:/Users/kirill.konovalov\OneDrive - SEEK/Documents/Personal/DE/dbt/dbt_project.yml> not found

[0m06:46:21.779403 [info ] [MainThread]: dbt was unable to connect to the specified database.
The database returned the following error:

  >Database Error
  250001 (08001): Failed to connect to DB: vbgvzep-op34927.snowflakecomputing.com:443. Role 'DBT_DEV_ROLE' specified in the connect string is not granted to this user. Contact your local system administrator, or attempt to login with another role, e.g. PUBLIC.

Check your database credentials and try again. For more information, visit:
https://docs.getdbt.com/docs/configure-your-profile


[0m06:46:21.782410 [debug] [MainThread]: Command `dbt debug` failed at 06:46:21.782410 after 1.73 seconds
[0m06:46:21.782410 [debug] [MainThread]: Connection 'debug' was properly closed.
[0m06:46:21.783409 [debug] [MainThread]: Sending event: {'category': 'dbt', 'action': 'invocation', 'label': 'end', 'context': [<snowplow_tracker.self_describing_json.SelfDescribingJson object at 0x00000218332EF050>, <snowplow_tracker.self_describing_json.SelfDescribingJson object at 0x0000021833A8B450>, <snowplow_tracker.self_describing_json.SelfDescribingJson object at 0x00000218345E2F90>]}
[0m06:46:21.783409 [debug] [MainThread]: Flushing usage events
[0m06:47:45.706458 [debug] [MainThread]: Sending event: {'category': 'dbt', 'action': 'invocation', 'label': 'start', 'context': [<snowplow_tracker.self_describing_json.SelfDescribingJson object at 0x0000020DC062F650>, <snowplow_tracker.self_describing_json.SelfDescribingJson object at 0x0000020DC0601310>, <snowplow_tracker.self_describing_json.SelfDescribingJson object at 0x0000020DC0602110>]}


============================== 06:47:45.711497 | 257a3dd7-99e0-4e07-b870-efcbd5c9ab72 ==============================
[0m06:47:45.711497 [info ] [MainThread]: Running with dbt=1.7.1
[0m06:47:45.712780 [debug] [MainThread]: running dbt with arguments {'printer_width': '80', 'indirect_selection': 'eager', 'log_cache_events': 'False', 'write_json': 'True', 'partial_parse': 'True', 'cache_selected_only': 'False', 'profiles_dir': 'C:\\Users\\kirill.konovalov\\.dbt', 'debug': 'False', 'version_check': 'True', 'log_path': 'logs', 'fail_fast': 'False', 'warn_error': 'None', 'use_colors': 'True', 'use_experimental_parser': 'False', 'no_print': 'None', 'quiet': 'False', 'warn_error_options': 'WarnErrorOptions(include=[], exclude=[])', 'static_parser': 'True', 'introspect': 'True', 'log_format': 'default', 'target_path': 'None', 'invocation_command': 'dbt debug --project-dir C:/Users/kirill.konovalov\\OneDrive - SEEK/Documents/Personal/DE/dbt/', 'send_anonymous_usage_stats': 'True'}
[0m06:47:45.713824 [info ] [MainThread]: dbt version: 1.7.1
[0m06:47:45.714805 [info ] [MainThread]: python version: 3.11.6
[0m06:47:45.714805 [info ] [MainThread]: python path: C:\Users\kirill.konovalov\OneDrive - SEEK\Documents\Personal\DE\dbt\dbt_core\Scripts\python.exe
[0m06:47:45.715821 [info ] [MainThread]: os info: Windows-10-10.0.22621-SP0
[0m06:47:46.209699 [info ] [MainThread]: Using profiles dir at C:\Users\kirill.konovalov\.dbt
[0m06:47:46.211860 [info ] [MainThread]: Using profiles.yml file at C:\Users\kirill.konovalov\.dbt\profiles.yml
[0m06:47:46.213188 [info ] [MainThread]: Using dbt_project.yml file at C:/Users/kirill.konovalov\OneDrive - SEEK/Documents/Personal/DE/dbt/dbt_project.yml
[0m06:47:46.215191 [info ] [MainThread]: adapter type: snowflake
[0m06:47:46.216192 [info ] [MainThread]: adapter version: 1.7.0
[0m06:47:46.218191 [info ] [MainThread]: Configuration:
[0m06:47:46.218191 [info ] [MainThread]:   profiles.yml file [[32mOK found and valid[0m]
[0m06:47:46.220187 [info ] [MainThread]:   dbt_project.yml file [[31mERROR not found[0m]
[0m06:47:46.221273 [info ] [MainThread]: Required dependencies:
[0m06:47:46.222192 [debug] [MainThread]: Executing "git --help"
[0m06:47:46.313470 [debug] [MainThread]: STDOUT: "b"usage: git [-v | --version] [-h | --help] [-C <path>] [-c <name>=<value>]\n           [--exec-path[=<path>]] [--html-path] [--man-path] [--info-path]\n           [-p | --paginate | -P | --no-pager] [--no-replace-objects] [--bare]\n           [--git-dir=<path>] [--work-tree=<path>] [--namespace=<name>]\n           [--config-env=<name>=<envvar>] <command> [<args>]\n\nThese are common Git commands used in various situations:\n\nstart a working area (see also: git help tutorial)\n   clone     Clone a repository into a new directory\n   init      Create an empty Git repository or reinitialize an existing one\n\nwork on the current change (see also: git help everyday)\n   add       Add file contents to the index\n   mv        Move or rename a file, a directory, or a symlink\n   restore   Restore working tree files\n   rm        Remove files from the working tree and from the index\n\nexamine the history and state (see also: git help revisions)\n   bisect    Use binary search to find the commit that introduced a bug\n   diff      Show changes between commits, commit and working tree, etc\n   grep      Print lines matching a pattern\n   log       Show commit logs\n   show      Show various types of objects\n   status    Show the working tree status\n\ngrow, mark and tweak your common history\n   branch    List, create, or delete branches\n   commit    Record changes to the repository\n   merge     Join two or more development histories together\n   rebase    Reapply commits on top of another base tip\n   reset     Reset current HEAD to the specified state\n   switch    Switch branches\n   tag       Create, list, delete or verify a tag object signed with GPG\n\ncollaborate (see also: git help workflows)\n   fetch     Download objects and refs from another repository\n   pull      Fetch from and integrate with another repository or a local branch\n   push      Update remote refs along with associated objects\n\n'git help -a' and 'git help -g' list available subcommands and some\nconcept guides. See 'git help <command>' or 'git help <concept>'\nto read about a specific subcommand or concept.\nSee 'git help git' for an overview of the system.\n""
[0m06:47:46.314486 [debug] [MainThread]: STDERR: "b''"
[0m06:47:46.314486 [info ] [MainThread]:  - git [[32mOK found[0m]

[0m06:47:46.315464 [info ] [MainThread]: Connection:
[0m06:47:46.316544 [info ] [MainThread]:   account: vbgvzep-op34927
[0m06:47:46.317549 [info ] [MainThread]:   user: kkonovalov
[0m06:47:46.317549 [info ] [MainThread]:   database: dbt_hol_dev
[0m06:47:46.318549 [info ] [MainThread]:   warehouse: dbt_dev_wh
[0m06:47:46.319549 [info ] [MainThread]:   role: dbt_dev_role
[0m06:47:46.319549 [info ] [MainThread]:   schema: public
[0m06:47:46.320560 [info ] [MainThread]:   authenticator: None
[0m06:47:46.321550 [info ] [MainThread]:   private_key_path: None
[0m06:47:46.321550 [info ] [MainThread]:   token: None
[0m06:47:46.322551 [info ] [MainThread]:   oauth_client_id: None
[0m06:47:46.323549 [info ] [MainThread]:   query_tag: None
[0m06:47:46.323549 [info ] [MainThread]:   client_session_keep_alive: False
[0m06:47:46.324548 [info ] [MainThread]:   host: None
[0m06:47:46.325548 [info ] [MainThread]:   port: None
[0m06:47:46.325548 [info ] [MainThread]:   proxy_host: None
[0m06:47:46.326770 [info ] [MainThread]:   proxy_port: None
[0m06:47:46.326770 [info ] [MainThread]:   protocol: None
[0m06:47:46.327769 [info ] [MainThread]:   connect_retries: 1
[0m06:47:46.328768 [info ] [MainThread]:   connect_timeout: None
[0m06:47:46.328768 [info ] [MainThread]:   retry_on_database_errors: False
[0m06:47:46.329770 [info ] [MainThread]:   retry_all: False
[0m06:47:46.329770 [info ] [MainThread]:   insecure_mode: False
[0m06:47:46.330770 [info ] [MainThread]:   reuse_connections: None
[0m06:47:46.331771 [info ] [MainThread]: Registered adapter: snowflake=1.7.0
[0m06:47:46.332771 [debug] [MainThread]: Acquiring new snowflake connection 'debug'
[0m06:47:46.333770 [debug] [MainThread]: Using snowflake connection "debug"
[0m06:47:46.333770 [debug] [MainThread]: On debug: select 1 as id
[0m06:47:46.334771 [debug] [MainThread]: Opening a new connection, currently in state init
[0m06:47:47.287830 [debug] [MainThread]: SQL status: SUCCESS 1 in 1.0 seconds
[0m06:47:47.290832 [debug] [MainThread]: On debug: Close
[0m06:47:47.418075 [info ] [MainThread]:   Connection test: [[32mOK connection ok[0m]

[0m06:47:47.424603 [info ] [MainThread]: [31m1 check failed:[0m
[0m06:47:47.426602 [info ] [MainThread]: Project loading failed for the following reason:
 project path <C:/Users/kirill.konovalov\OneDrive - SEEK/Documents/Personal/DE/dbt/dbt_project.yml> not found

[0m06:47:47.428110 [debug] [MainThread]: Command `dbt debug` failed at 06:47:47.428110 after 1.85 seconds
[0m06:47:47.429118 [debug] [MainThread]: Connection 'debug' was properly closed.
[0m06:47:47.429118 [debug] [MainThread]: Sending event: {'category': 'dbt', 'action': 'invocation', 'label': 'end', 'context': [<snowplow_tracker.self_describing_json.SelfDescribingJson object at 0x0000020DC0393250>, <snowplow_tracker.self_describing_json.SelfDescribingJson object at 0x0000020DC06B4150>, <snowplow_tracker.self_describing_json.SelfDescribingJson object at 0x0000020DB9742FD0>]}
[0m06:47:47.430121 [debug] [MainThread]: Flushing usage events
[0m06:53:46.909937 [debug] [MainThread]: Sending event: {'category': 'dbt', 'action': 'invocation', 'label': 'start', 'context': [<snowplow_tracker.self_describing_json.SelfDescribingJson object at 0x0000023D36F62610>, <snowplow_tracker.self_describing_json.SelfDescribingJson object at 0x0000023D3683BD50>, <snowplow_tracker.self_describing_json.SelfDescribingJson object at 0x0000023D36F51ED0>]}


============================== 06:53:46.914938 | 5f602a4c-de32-42af-8176-45f3d9fbc196 ==============================
[0m06:53:46.914938 [info ] [MainThread]: Running with dbt=1.7.1
[0m06:53:46.916938 [debug] [MainThread]: running dbt with arguments {'printer_width': '80', 'indirect_selection': 'eager', 'log_cache_events': 'False', 'write_json': 'True', 'partial_parse': 'True', 'cache_selected_only': 'False', 'profiles_dir': 'C:\\Users\\kirill.konovalov\\.dbt', 'version_check': 'True', 'warn_error': 'None', 'log_path': 'logs', 'debug': 'False', 'fail_fast': 'False', 'use_colors': 'True', 'use_experimental_parser': 'False', 'no_print': 'None', 'quiet': 'False', 'warn_error_options': 'WarnErrorOptions(include=[], exclude=[])', 'introspect': 'True', 'invocation_command': 'dbt debug --project-dir C:\\Users\\kirill.konovalov\\OneDrive - SEEK\\Documents\\Personal\\DE\\dbt\\dbt\\dbt_demo_project\\dbt_project.yml', 'log_format': 'default', 'target_path': 'None', 'static_parser': 'True', 'send_anonymous_usage_stats': 'True'}
[0m06:53:46.917489 [info ] [MainThread]: dbt version: 1.7.1
[0m06:53:46.918498 [info ] [MainThread]: python version: 3.11.6
[0m06:53:46.919496 [info ] [MainThread]: python path: C:\Users\kirill.konovalov\OneDrive - SEEK\Documents\Personal\DE\dbt\dbt_core\Scripts\python.exe
[0m06:53:46.920496 [info ] [MainThread]: os info: Windows-10-10.0.22621-SP0
[0m06:53:47.470077 [info ] [MainThread]: Using profiles dir at C:\Users\kirill.konovalov\.dbt
[0m06:53:47.471452 [info ] [MainThread]: Using profiles.yml file at C:\Users\kirill.konovalov\.dbt\profiles.yml
[0m06:53:47.472116 [info ] [MainThread]: Using dbt_project.yml file at C:\Users\kirill.konovalov\OneDrive - SEEK\Documents\Personal\DE\dbt\dbt\dbt_demo_project\dbt_project.yml\dbt_project.yml
[0m06:53:47.475130 [info ] [MainThread]: adapter type: snowflake
[0m06:53:47.476130 [info ] [MainThread]: adapter version: 1.7.0
[0m06:53:47.476130 [info ] [MainThread]: Configuration:
[0m06:53:47.477422 [info ] [MainThread]:   profiles.yml file [[32mOK found and valid[0m]
[0m06:53:47.478469 [info ] [MainThread]:   dbt_project.yml file [[31mERROR not found[0m]
[0m06:53:47.479444 [info ] [MainThread]: Required dependencies:
[0m06:53:47.480431 [debug] [MainThread]: Executing "git --help"
[0m06:53:47.579808 [debug] [MainThread]: STDOUT: "b"usage: git [-v | --version] [-h | --help] [-C <path>] [-c <name>=<value>]\n           [--exec-path[=<path>]] [--html-path] [--man-path] [--info-path]\n           [-p | --paginate | -P | --no-pager] [--no-replace-objects] [--bare]\n           [--git-dir=<path>] [--work-tree=<path>] [--namespace=<name>]\n           [--config-env=<name>=<envvar>] <command> [<args>]\n\nThese are common Git commands used in various situations:\n\nstart a working area (see also: git help tutorial)\n   clone     Clone a repository into a new directory\n   init      Create an empty Git repository or reinitialize an existing one\n\nwork on the current change (see also: git help everyday)\n   add       Add file contents to the index\n   mv        Move or rename a file, a directory, or a symlink\n   restore   Restore working tree files\n   rm        Remove files from the working tree and from the index\n\nexamine the history and state (see also: git help revisions)\n   bisect    Use binary search to find the commit that introduced a bug\n   diff      Show changes between commits, commit and working tree, etc\n   grep      Print lines matching a pattern\n   log       Show commit logs\n   show      Show various types of objects\n   status    Show the working tree status\n\ngrow, mark and tweak your common history\n   branch    List, create, or delete branches\n   commit    Record changes to the repository\n   merge     Join two or more development histories together\n   rebase    Reapply commits on top of another base tip\n   reset     Reset current HEAD to the specified state\n   switch    Switch branches\n   tag       Create, list, delete or verify a tag object signed with GPG\n\ncollaborate (see also: git help workflows)\n   fetch     Download objects and refs from another repository\n   pull      Fetch from and integrate with another repository or a local branch\n   push      Update remote refs along with associated objects\n\n'git help -a' and 'git help -g' list available subcommands and some\nconcept guides. See 'git help <command>' or 'git help <concept>'\nto read about a specific subcommand or concept.\nSee 'git help git' for an overview of the system.\n""
[0m06:53:47.579808 [debug] [MainThread]: STDERR: "b''"
[0m06:53:47.580873 [info ] [MainThread]:  - git [[32mOK found[0m]

[0m06:53:47.581769 [info ] [MainThread]: Connection:
[0m06:53:47.582770 [info ] [MainThread]:   account: vbgvzep-op34927
[0m06:53:47.583769 [info ] [MainThread]:   user: kkonovalov
[0m06:53:47.583769 [info ] [MainThread]:   database: dbt_hol_dev
[0m06:53:47.584774 [info ] [MainThread]:   warehouse: dbt_dev_wh
[0m06:53:47.585774 [info ] [MainThread]:   role: dbt_dev_role
[0m06:53:47.586773 [info ] [MainThread]:   schema: public
[0m06:53:47.587771 [info ] [MainThread]:   authenticator: None
[0m06:53:47.587771 [info ] [MainThread]:   private_key_path: None
[0m06:53:47.588770 [info ] [MainThread]:   token: None
[0m06:53:47.589770 [info ] [MainThread]:   oauth_client_id: None
[0m06:53:47.590770 [info ] [MainThread]:   query_tag: None
[0m06:53:47.591773 [info ] [MainThread]:   client_session_keep_alive: False
[0m06:53:47.592773 [info ] [MainThread]:   host: None
[0m06:53:47.592773 [info ] [MainThread]:   port: None
[0m06:53:47.594776 [info ] [MainThread]:   proxy_host: None
[0m06:53:47.594776 [info ] [MainThread]:   proxy_port: None
[0m06:53:47.595774 [info ] [MainThread]:   protocol: None
[0m06:53:47.596853 [info ] [MainThread]:   connect_retries: 1
[0m06:53:47.597770 [info ] [MainThread]:   connect_timeout: None
[0m06:53:47.597770 [info ] [MainThread]:   retry_on_database_errors: False
[0m06:53:47.598774 [info ] [MainThread]:   retry_all: False
[0m06:53:47.599782 [info ] [MainThread]:   insecure_mode: False
[0m06:53:47.599782 [info ] [MainThread]:   reuse_connections: None
[0m06:53:47.600858 [info ] [MainThread]: Registered adapter: snowflake=1.7.0
[0m06:53:47.601967 [debug] [MainThread]: Acquiring new snowflake connection 'debug'
[0m06:53:47.602975 [debug] [MainThread]: Using snowflake connection "debug"
[0m06:53:47.602975 [debug] [MainThread]: On debug: select 1 as id
[0m06:53:47.602975 [debug] [MainThread]: Opening a new connection, currently in state init
[0m06:53:48.454575 [debug] [MainThread]: SQL status: SUCCESS 1 in 1.0 seconds
[0m06:53:48.455663 [debug] [MainThread]: On debug: Close
[0m06:53:48.569953 [info ] [MainThread]:   Connection test: [[32mOK connection ok[0m]

[0m06:53:48.571463 [info ] [MainThread]: [31m1 check failed:[0m
[0m06:53:48.572471 [info ] [MainThread]: Project loading failed for the following reason:
 project path <C:\Users\kirill.konovalov\OneDrive - SEEK\Documents\Personal\DE\dbt\dbt\dbt_demo_project\dbt_project.yml\dbt_project.yml> not found

[0m06:53:48.574520 [debug] [MainThread]: Command `dbt debug` failed at 06:53:48.573512 after 1.79 seconds
[0m06:53:48.574520 [debug] [MainThread]: Connection 'debug' was properly closed.
[0m06:53:48.575551 [debug] [MainThread]: Sending event: {'category': 'dbt', 'action': 'invocation', 'label': 'end', 'context': [<snowplow_tracker.self_describing_json.SelfDescribingJson object at 0x0000023D36B37D50>, <snowplow_tracker.self_describing_json.SelfDescribingJson object at 0x0000023D2FC48D90>, <snowplow_tracker.self_describing_json.SelfDescribingJson object at 0x0000023D2FC60250>]}
[0m06:53:48.576472 [debug] [MainThread]: Flushing usage events
[0m06:56:02.989827 [debug] [MainThread]: Sending event: {'category': 'dbt', 'action': 'invocation', 'label': 'start', 'context': [<snowplow_tracker.self_describing_json.SelfDescribingJson object at 0x000001E5A77A4C10>, <snowplow_tracker.self_describing_json.SelfDescribingJson object at 0x000001E5A7807350>, <snowplow_tracker.self_describing_json.SelfDescribingJson object at 0x000001E5A746EC90>]}


============================== 06:56:02.995842 | d1c2e723-3032-47a9-bcd3-3ab3ce96c220 ==============================
[0m06:56:02.995842 [info ] [MainThread]: Running with dbt=1.7.1
[0m06:56:02.997834 [debug] [MainThread]: running dbt with arguments {'printer_width': '80', 'indirect_selection': 'eager', 'write_json': 'True', 'log_cache_events': 'False', 'partial_parse': 'True', 'cache_selected_only': 'False', 'profiles_dir': 'C:\\Users\\kirill.konovalov\\.dbt', 'debug': 'False', 'version_check': 'True', 'log_path': 'logs', 'fail_fast': 'False', 'warn_error': 'None', 'use_colors': 'True', 'use_experimental_parser': 'False', 'no_print': 'None', 'quiet': 'False', 'log_format': 'default', 'static_parser': 'True', 'invocation_command': 'dbt run', 'warn_error_options': 'WarnErrorOptions(include=[], exclude=[])', 'target_path': 'None', 'introspect': 'True', 'send_anonymous_usage_stats': 'True'}
[0m06:56:02.998831 [error] [MainThread]: Encountered an error:
Runtime Error
  No dbt_project.yml found at expected path C:\Users\kirill.konovalov\OneDrive - SEEK\Documents\Personal\DE\dbt\dbt_project.yml
  Verify that each entry within packages.yml (and their transitive dependencies) contains a file named dbt_project.yml
  
[0m06:56:03.000831 [debug] [MainThread]: Command `dbt run` failed at 06:56:02.999847 after 0.13 seconds
[0m06:56:03.000831 [debug] [MainThread]: Sending event: {'category': 'dbt', 'action': 'invocation', 'label': 'end', 'context': [<snowplow_tracker.self_describing_json.SelfDescribingJson object at 0x000001E5A7C40F50>, <snowplow_tracker.self_describing_json.SelfDescribingJson object at 0x000001E5A773C150>, <snowplow_tracker.self_describing_json.SelfDescribingJson object at 0x000001E5A773E450>]}
[0m06:56:03.001829 [debug] [MainThread]: Flushing usage events
[0m11:12:31.863669 [debug] [MainThread]: Sending event: {'category': 'dbt', 'action': 'invocation', 'label': 'start', 'context': [<snowplow_tracker.self_describing_json.SelfDescribingJson object at 0x000001C33B512B10>, <snowplow_tracker.self_describing_json.SelfDescribingJson object at 0x000001C3379E4050>, <snowplow_tracker.self_describing_json.SelfDescribingJson object at 0x000001C33B00FE10>]}


============================== 11:12:31.871192 | 927a964b-22f7-4ad1-bad8-d29a098c5e13 ==============================
[0m11:12:31.871192 [info ] [MainThread]: Running with dbt=1.7.1
[0m11:12:31.873200 [debug] [MainThread]: running dbt with arguments {'printer_width': '80', 'indirect_selection': 'eager', 'write_json': 'True', 'log_cache_events': 'False', 'partial_parse': 'True', 'cache_selected_only': 'False', 'warn_error': 'None', 'debug': 'False', 'version_check': 'True', 'log_path': 'logs', 'fail_fast': 'False', 'profiles_dir': 'C:\\Users\\kirill.konovalov\\.dbt', 'use_colors': 'True', 'use_experimental_parser': 'False', 'no_print': 'None', 'quiet': 'False', 'log_format': 'default', 'invocation_command': 'dbt run', 'introspect': 'True', 'static_parser': 'True', 'target_path': 'None', 'warn_error_options': 'WarnErrorOptions(include=[], exclude=[])', 'send_anonymous_usage_stats': 'True'}
[0m11:12:31.874199 [error] [MainThread]: Encountered an error:
Runtime Error
  No dbt_project.yml found at expected path C:\Users\kirill.konovalov\OneDrive - SEEK\Documents\Personal\DE\dbt\dbt_project.yml
  Verify that each entry within packages.yml (and their transitive dependencies) contains a file named dbt_project.yml
  
[0m11:12:31.875689 [debug] [MainThread]: Command `dbt run` failed at 11:12:31.875689 after 0.12 seconds
[0m11:12:31.876690 [debug] [MainThread]: Sending event: {'category': 'dbt', 'action': 'invocation', 'label': 'end', 'context': [<snowplow_tracker.self_describing_json.SelfDescribingJson object at 0x000001C33AD3BE90>, <snowplow_tracker.self_describing_json.SelfDescribingJson object at 0x000001C334053810>, <snowplow_tracker.self_describing_json.SelfDescribingJson object at 0x000001C334053710>]}
[0m11:12:31.876690 [debug] [MainThread]: Flushing usage events
